<?xml version="1.0" encoding="UTF-8"?>
<!-- Generated by org.testng.reporters.JUnitReportReporter -->
<testsuite hostname="DELL" failures="0" tests="6" name="api.test.StudentTestCase" time="5.163" errors="0" timestamp="2024-07-14T18:16:00 IST" skipped="0">
  <testcase classname="api.test.StudentTestCase" name="testGetAllStudents" time="3.633"/>
  <system-out/>
  <testcase classname="api.test.StudentTestCase" name="createNewStudent" time="1.133"/>
  <system-out/>
  <testcase classname="api.test.StudentTestCase" name="testUpdateStudent" time="0.135"/>
  <system-out/>
  <testcase classname="api.test.StudentTestCase" name="testGetStudentById" time="0.077"/>
  <system-out/>
  <testcase classname="api.test.StudentTestCase" name="testDeleteStudentById" time="0.143"/>
  <system-out/>
  <testcase classname="api.test.StudentTestCase" name="createNewStudentWithMaximumData" time="0.042"/>
  <system-out/>
</testsuite> <!-- api.test.StudentTestCase -->
