<?xml version="1.0" encoding="UTF-8"?>
<!-- Generated by org.testng.reporters.JUnitReportReporter -->
<testsuite hostname="DESKTOP-712NHH2" failures="0" tests="6" name="api.test.UserTestCase" time="4.604" errors="0" timestamp="2024-06-18T10:51:26 IST" skipped="0">
  <testcase classname="api.test.UserTestCase" name="testGetAllStudents" time="3.126"/>
  <system-out/>
  <testcase classname="api.test.UserTestCase" name="createNewStudent" time="1.167"/>
  <system-out/>
  <testcase classname="api.test.UserTestCase" name="testUpdateStudent" time="0.084"/>
  <system-out/>
  <testcase classname="api.test.UserTestCase" name="testGetStudentById" time="0.068"/>
  <system-out/>
  <testcase classname="api.test.UserTestCase" name="testDeleteStudentById" time="0.117"/>
  <system-out/>
  <testcase classname="api.test.UserTestCase" name="createNewStudentWithMaximumData" time="0.042"/>
  <system-out/>
</testsuite> <!-- api.test.UserTestCase -->
